Using pre-set license
Built from '2022.2/staging' branch; Version is '2022.2.10f1 (bcebec703747) revision 12381164'; Using compiler version '192829333'; Build Type 'Release'
OS: 'Windows 10  (10.0.19045) 64bit Professional' Language: 'ru' Physical Memory: 16215 MB
BatchMode: 1, IsHumanControllingUs: 0, StartBugReporterOnCrash: 0, Is64bit: 1, IsPro: 1

COMMAND LINE ARGUMENTS:
D:\Unity\2022.2.10f1\Editor\Unity.exe
-adb2
-batchMode
-noUpm
-name
AssetImportWorker0
-projectPath
D:/Vladisof/VFX_Test-master
-logFile
Logs/AssetImportWorker0.log
-srvPort
8190
Successfully changed project path to: D:/Vladisof/VFX_Test-master
D:/Vladisof/VFX_Test-master
[UnityMemory] Configuration Parameters - Can be set up in boot.config
    "memorysetup-bucket-allocator-granularity=16"
    "memorysetup-bucket-allocator-bucket-count=8"
    "memorysetup-bucket-allocator-block-size=33554432"
    "memorysetup-bucket-allocator-block-count=8"
    "memorysetup-main-allocator-block-size=16777216"
    "memorysetup-thread-allocator-block-size=16777216"
    "memorysetup-gfx-main-allocator-block-size=16777216"
    "memorysetup-gfx-thread-allocator-block-size=16777216"
    "memorysetup-cache-allocator-block-size=4194304"
    "memorysetup-typetree-allocator-block-size=2097152"
    "memorysetup-profiler-bucket-allocator-granularity=16"
    "memorysetup-profiler-bucket-allocator-bucket-count=8"
    "memorysetup-profiler-bucket-allocator-block-size=33554432"
    "memorysetup-profiler-bucket-allocator-block-count=8"
    "memorysetup-profiler-allocator-block-size=16777216"
    "memorysetup-profiler-editor-allocator-block-size=1048576"
    "memorysetup-temp-allocator-size-main=16777216"
    "memorysetup-job-temp-allocator-block-size=2097152"
    "memorysetup-job-temp-allocator-block-size-background=1048576"
    "memorysetup-job-temp-allocator-reduction-small-platforms=262144"
    "memorysetup-temp-allocator-size-background-worker=32768"
    "memorysetup-temp-allocator-size-job-worker=262144"
    "memorysetup-temp-allocator-size-preload-manager=33554432"
    "memorysetup-temp-allocator-size-nav-mesh-worker=65536"
    "memorysetup-temp-allocator-size-audio-worker=65536"
    "memorysetup-temp-allocator-size-cloud-worker=32768"
    "memorysetup-temp-allocator-size-gi-baking-worker=262144"
    "memorysetup-temp-allocator-size-gfx=262144"
Player connection [17720] Host "[IP] 192.168.31.71 [Port] 0 [Flags] 2 [Guid] 89707687 [EditorId] 89707687 [Version] 1048832 [Id] WindowsEditor(7,DESKTOP-BI32QEO) [Debug] 1 [PackageName] WindowsEditor [ProjectName] Editor" joined multi-casting on [225.0.0.222:54997]...

Player connection [17720] Host "[IP] 192.168.31.71 [Port] 0 [Flags] 2 [Guid] 89707687 [EditorId] 89707687 [Version] 1048832 [Id] WindowsEditor(7,DESKTOP-BI32QEO) [Debug] 1 [PackageName] WindowsEditor [ProjectName] Editor" joined alternative multi-casting on [225.0.0.222:34997]...

Refreshing native plugins compatible for Editor in 13.31 ms, found 2 plugins.
Preloading 0 native plugins for Editor in 0.00 ms.
Initialize engine version: 2022.2.10f1 (bcebec703747)
[Subsystems] Discovering subsystems at path D:/Unity/2022.2.10f1/Editor/Data/Resources/UnitySubsystems
[Subsystems] Discovering subsystems at path D:/Vladisof/VFX_Test-master/Assets
GfxDevice: creating device client; threaded=0; jobified=0
Direct3D:
    Version:  Direct3D 11.0 [level 11.1]
    Renderer: NVIDIA GeForce RTX 3060 Laptop GPU (ID=0x2520)
    Vendor:   NVIDIA
    VRAM:     6009 MB
    Driver:   31.0.15.2824
Initialize mono
Mono path[0] = 'D:/Unity/2022.2.10f1/Editor/Data/Managed'
Mono path[1] = 'D:/Unity/2022.2.10f1/Editor/Data/MonoBleedingEdge/lib/mono/unityjit-win32'
Mono config path = 'D:/Unity/2022.2.10f1/Editor/Data/MonoBleedingEdge/etc'
Using monoOptions --debugger-agent=transport=dt_socket,embedding=1,server=y,suspend=n,address=127.0.0.1:56924
Begin MonoManager ReloadAssembly
Registering precompiled unity dll's ...
Register platform support module: D:/Unity/2022.2.10f1/Editor/Data/PlaybackEngines/WindowsStandaloneSupport/UnityEditor.WindowsStandalone.Extensions.dll
Registered in 0.004474 seconds.
- Loaded All Assemblies, in  0.350 seconds
Native extension for WindowsStandalone target not found
Mono: successfully reloaded assembly
- Finished resetting the current domain, in  0.318 seconds
Domain Reload Profiling:
	ReloadAssembly (200ms)
		BeginReloadAssembly (93ms)
			ExecutionOrderSort (0ms)
			DisableScriptedObjects (0ms)
			BackupInstance (0ms)
			ReleaseScriptingObjects (0ms)
			CreateAndSetChildDomain (1ms)
		LoadAllAssembliesAndSetupDomain (0ms)
			LoadAssemblies (92ms)
			RebuildTransferFunctionScriptingTraits (0ms)
			SetupTypeCache (146ms)
				TypeCache.Initialize (145ms)
					TypeCache.ScanAssembly (143ms)
				ResolveRequiredComponents (0ms)
		FinalizeReload (0ms)
			ReleaseScriptCaches (0ms)
			RebuildScriptCaches (0ms)
			SetupLoadedEditorAssemblies (247ms)
				LogAssemblyErrors (0ms)
				InitializePlatformSupportModulesInManaged (9ms)
				SetLoadedEditorAssemblies (9ms)
				RefreshPlugins (0ms)
				BeforeProcessingInitializeOnLoad (1ms)
				ProcessInitializeOnLoadAttributes (169ms)
				ProcessInitializeOnLoadMethodAttributes (58ms)
				AfterProcessingInitializeOnLoad (0ms)
				EditorAssembliesLoaded (0ms)
			ExecutionOrderSort2 (0ms)
			AwakeInstancesAfterBackupRestoration (0ms)
========================================================================
Worker process is ready to serve import requests
Begin MonoManager ReloadAssembly
- Loaded All Assemblies, in  0.787 seconds
Refreshing native plugins compatible for Editor in 7.51 ms, found 2 plugins.
Native extension for WindowsStandalone target not found
Mono: successfully reloaded assembly
- Finished resetting the current domain, in  0.913 seconds
Domain Reload Profiling:
	ReloadAssembly (223ms)
		BeginReloadAssembly (137ms)
			ExecutionOrderSort (0ms)
			DisableScriptedObjects (6ms)
			BackupInstance (0ms)
			ReleaseScriptingObjects (0ms)
			CreateAndSetChildDomain (24ms)
		LoadAllAssembliesAndSetupDomain (563ms)
			LoadAssemblies (308ms)
			RebuildTransferFunctionScriptingTraits (0ms)
			SetupTypeCache (327ms)
				TypeCache.Initialize (287ms)
					TypeCache.ScanAssembly (283ms)
				ResolveRequiredComponents (9ms)
		FinalizeReload (0ms)
			ReleaseScriptCaches (0ms)
			RebuildScriptCaches (0ms)
			SetupLoadedEditorAssemblies (729ms)
				LogAssemblyErrors (0ms)
				InitializePlatformSupportModulesInManaged (7ms)
				SetLoadedEditorAssemblies (6ms)
				RefreshPlugins (0ms)
				BeforeProcessingInitializeOnLoad (131ms)
				ProcessInitializeOnLoadAttributes (348ms)
				ProcessInitializeOnLoadMethodAttributes (235ms)
				AfterProcessingInitializeOnLoad (3ms)
				EditorAssembliesLoaded (0ms)
			ExecutionOrderSort2 (0ms)
			AwakeInstancesAfterBackupRestoration (7ms)
Launched and connected shader compiler UnityShaderCompiler.exe after 0.04 seconds
Refreshing native plugins compatible for Editor in 9.55 ms, found 2 plugins.
Preloading 0 native plugins for Editor in 0.00 ms.
Unloading 4320 Unused Serialized files (Serialized files now loaded: 0)
Unloading 110 unused Assets / (0.7 MB). Loaded Objects now: 4782.
Memory consumption went from 0.67 GB to 0.67 GB.
Total: 7.497600 ms (FindLiveObjects: 0.380700 ms CreateObjectMapping: 0.475200 ms MarkObjects: 6.240300 ms  DeleteObjects: 0.400200 ms)

AssetImportParameters requested are different than current active one (requested -> active):
  custom:container-demuxer-ogg: 62fdf1f143b41e24485cea50d1cbac27 -> 
  custom:video-decoder-ogg-theora: a1e56fd34408186e4bbccfd4996cb3dc -> 
  custom:framework-win-MediaFoundation: 216162199b28c13a410421893ffa2e32 -> 
  custom:container-demuxer-webm: 4f35f7cbe854078d1ac9338744f61a02 -> 
  custom:container-muxer-webm: aa71ff27fc2769a1b78a27578f13a17b -> 
  custom:video-decoder-webm-vp8: 9c59270c3fd7afecdb556c50c9e8de78 -> 
  custom:AudioImporter_EditorPlatform: d09bf68614088b80899f8185d706f6e7 -> 
  custom:video-encoder-webm-vp8: eb34c28f22e8b96e1ab97ce403110664 -> 
  custom:audio-decoder-ogg-vorbis: bf7c407c2cedff20999df2af8eb42d56 -> 
  custom:audio-encoder-webm-vorbis: bf7c407c2cedff20999df2af8eb42d56 -> 
========================================================================
Received Import Request.
  Time since last request: 94313.943935 seconds.
  path: Assets/SkythianCat/Glowing_Forest/Prefabs/Props/Streetlight_ON 1.prefab
  artifactKey: Guid(26052f70d31236f428f0c3d6cdebce18) Importer(815301076,1909f56bfc062723c751e8b465ee728b)
Start importing Assets/SkythianCat/Glowing_Forest/Prefabs/Props/Streetlight_ON 1.prefab using Guid(26052f70d31236f428f0c3d6cdebce18) Importer(815301076,1909f56bfc062723c751e8b465ee728b)  -> (artifact id: '21c9c19041a26417776c56a3ba578bd2') in 0.094038 seconds 
Number of updated asset objects reloaded before import = 0
Number of asset objects unloaded after import = 18
========================================================================
Received Prepare
Begin MonoManager ReloadAssembly
- Loaded All Assemblies, in  0.936 seconds
Refreshing native plugins compatible for Editor in 6.94 ms, found 2 plugins.
Native extension for WindowsStandalone target not found
Mono: successfully reloaded assembly
- Finished resetting the current domain, in  1.273 seconds
Domain Reload Profiling:
	ReloadAssembly (427ms)
		BeginReloadAssembly (351ms)
			ExecutionOrderSort (0ms)
			DisableScriptedObjects (7ms)
			BackupInstance (0ms)
			ReleaseScriptingObjects (0ms)
			CreateAndSetChildDomain (50ms)
		LoadAllAssembliesAndSetupDomain (509ms)
			LoadAssemblies (283ms)
			RebuildTransferFunctionScriptingTraits (0ms)
			SetupTypeCache (285ms)
				TypeCache.Initialize (276ms)
					TypeCache.ScanAssembly (270ms)
				ResolveRequiredComponents (9ms)
		FinalizeReload (0ms)
			ReleaseScriptCaches (0ms)
			RebuildScriptCaches (0ms)
			SetupLoadedEditorAssemblies (803ms)
				LogAssemblyErrors (0ms)
				InitializePlatformSupportModulesInManaged (7ms)
				SetLoadedEditorAssemblies (7ms)
				RefreshPlugins (0ms)
				BeforeProcessingInitializeOnLoad (138ms)
				ProcessInitializeOnLoadAttributes (369ms)
				ProcessInitializeOnLoadMethodAttributes (278ms)
				AfterProcessingInitializeOnLoad (3ms)
				EditorAssembliesLoaded (1ms)
			ExecutionOrderSort2 (0ms)
			AwakeInstancesAfterBackupRestoration (10ms)
Refreshing native plugins compatible for Editor in 9.32 ms, found 2 plugins.
Preloading 0 native plugins for Editor in 0.00 ms.
Unloading 4238 Unused Serialized files (Serialized files now loaded: 0)
Unloading 101 unused Assets / (0.7 MB). Loaded Objects now: 4793.
Memory consumption went from 0.66 GB to 0.66 GB.
Total: 8.098400 ms (FindLiveObjects: 0.412200 ms CreateObjectMapping: 0.637100 ms MarkObjects: 6.417000 ms  DeleteObjects: 0.631100 ms)

Prepare: number of updated asset objects reloaded= 0
AssetImportParameters requested are different than current active one (requested -> active):
  custom:container-demuxer-ogg: 62fdf1f143b41e24485cea50d1cbac27 -> 
  custom:video-decoder-ogg-theora: a1e56fd34408186e4bbccfd4996cb3dc -> 
  custom:framework-win-MediaFoundation: 216162199b28c13a410421893ffa2e32 -> 
  custom:container-demuxer-webm: 4f35f7cbe854078d1ac9338744f61a02 -> 
  custom:container-muxer-webm: aa71ff27fc2769a1b78a27578f13a17b -> 
  custom:video-decoder-webm-vp8: 9c59270c3fd7afecdb556c50c9e8de78 -> 
  custom:AudioImporter_EditorPlatform: d09bf68614088b80899f8185d706f6e7 -> 
  custom:video-encoder-webm-vp8: eb34c28f22e8b96e1ab97ce403110664 -> 
  custom:audio-decoder-ogg-vorbis: bf7c407c2cedff20999df2af8eb42d56 -> 
  custom:audio-encoder-webm-vorbis: bf7c407c2cedff20999df2af8eb42d56 -> 
========================================================================
Received Prepare
Begin MonoManager ReloadAssembly
- Loaded All Assemblies, in  0.950 seconds
Refreshing native plugins compatible for Editor in 6.60 ms, found 2 plugins.
Native extension for WindowsStandalone target not found
Mono: successfully reloaded assembly
- Finished resetting the current domain, in  1.301 seconds
Domain Reload Profiling:
	ReloadAssembly (468ms)
		BeginReloadAssembly (390ms)
			ExecutionOrderSort (0ms)
			DisableScriptedObjects (8ms)
			BackupInstance (0ms)
			ReleaseScriptingObjects (0ms)
			CreateAndSetChildDomain (43ms)
		LoadAllAssembliesAndSetupDomain (482ms)
			LoadAssemblies (306ms)
			RebuildTransferFunctionScriptingTraits (0ms)
			SetupTypeCache (269ms)
				TypeCache.Initialize (260ms)
					TypeCache.ScanAssembly (256ms)
				ResolveRequiredComponents (9ms)
		FinalizeReload (0ms)
			ReleaseScriptCaches (0ms)
			RebuildScriptCaches (0ms)
			SetupLoadedEditorAssemblies (824ms)
				LogAssemblyErrors (0ms)
				InitializePlatformSupportModulesInManaged (6ms)
				SetLoadedEditorAssemblies (6ms)
				RefreshPlugins (0ms)
				BeforeProcessingInitializeOnLoad (138ms)
				ProcessInitializeOnLoadAttributes (387ms)
				ProcessInitializeOnLoadMethodAttributes (283ms)
				AfterProcessingInitializeOnLoad (4ms)
				EditorAssembliesLoaded (0ms)
			ExecutionOrderSort2 (0ms)
			AwakeInstancesAfterBackupRestoration (11ms)
Refreshing native plugins compatible for Editor in 9.31 ms, found 2 plugins.
Preloading 0 native plugins for Editor in 0.00 ms.
Unloading 4239 Unused Serialized files (Serialized files now loaded: 0)
Unloading 101 unused Assets / (0.7 MB). Loaded Objects now: 4796.
Memory consumption went from 0.66 GB to 0.66 GB.
Total: 10.176700 ms (FindLiveObjects: 0.618200 ms CreateObjectMapping: 0.510400 ms MarkObjects: 8.645700 ms  DeleteObjects: 0.401400 ms)

Prepare: number of updated asset objects reloaded= 0
AssetImportParameters requested are different than current active one (requested -> active):
  custom:container-demuxer-ogg: 62fdf1f143b41e24485cea50d1cbac27 -> 
  custom:video-decoder-ogg-theora: a1e56fd34408186e4bbccfd4996cb3dc -> 
  custom:framework-win-MediaFoundation: 216162199b28c13a410421893ffa2e32 -> 
  custom:container-demuxer-webm: 4f35f7cbe854078d1ac9338744f61a02 -> 
  custom:container-muxer-webm: aa71ff27fc2769a1b78a27578f13a17b -> 
  custom:video-decoder-webm-vp8: 9c59270c3fd7afecdb556c50c9e8de78 -> 
  custom:AudioImporter_EditorPlatform: d09bf68614088b80899f8185d706f6e7 -> 
  custom:video-encoder-webm-vp8: eb34c28f22e8b96e1ab97ce403110664 -> 
  custom:audio-decoder-ogg-vorbis: bf7c407c2cedff20999df2af8eb42d56 -> 
  custom:audio-encoder-webm-vorbis: bf7c407c2cedff20999df2af8eb42d56 -> 
========================================================================
Received Prepare
Begin MonoManager ReloadAssembly
- Loaded All Assemblies, in  1.032 seconds
Refreshing native plugins compatible for Editor in 6.85 ms, found 2 plugins.
Native extension for WindowsStandalone target not found
Mono: successfully reloaded assembly
- Finished resetting the current domain, in  1.346 seconds
Domain Reload Profiling:
	ReloadAssembly (464ms)
		BeginReloadAssembly (382ms)
			ExecutionOrderSort (0ms)
			DisableScriptedObjects (6ms)
			BackupInstance (0ms)
			ReleaseScriptingObjects (0ms)
			CreateAndSetChildDomain (56ms)
		LoadAllAssembliesAndSetupDomain (569ms)
			LoadAssemblies (334ms)
			RebuildTransferFunctionScriptingTraits (0ms)
			SetupTypeCache (302ms)
				TypeCache.Initialize (292ms)
					TypeCache.ScanAssembly (285ms)
				ResolveRequiredComponents (9ms)
		FinalizeReload (0ms)
			ReleaseScriptCaches (0ms)
			RebuildScriptCaches (0ms)
			SetupLoadedEditorAssemblies (856ms)
				LogAssemblyErrors (0ms)
				InitializePlatformSupportModulesInManaged (6ms)
				SetLoadedEditorAssemblies (7ms)
				RefreshPlugins (0ms)
				BeforeProcessingInitializeOnLoad (167ms)
				ProcessInitializeOnLoadAttributes (388ms)
				ProcessInitializeOnLoadMethodAttributes (285ms)
				AfterProcessingInitializeOnLoad (3ms)
				EditorAssembliesLoaded (0ms)
			ExecutionOrderSort2 (0ms)
			AwakeInstancesAfterBackupRestoration (12ms)
Refreshing native plugins compatible for Editor in 9.16 ms, found 2 plugins.
Preloading 0 native plugins for Editor in 0.00 ms.
Unloading 4239 Unused Serialized files (Serialized files now loaded: 0)
Unloading 101 unused Assets / (0.7 MB). Loaded Objects now: 4799.
Memory consumption went from 0.66 GB to 0.66 GB.
Total: 11.073000 ms (FindLiveObjects: 0.512500 ms CreateObjectMapping: 0.639100 ms MarkObjects: 9.492600 ms  DeleteObjects: 0.427800 ms)

Prepare: number of updated asset objects reloaded= 0
AssetImportParameters requested are different than current active one (requested -> active):
  custom:container-demuxer-ogg: 62fdf1f143b41e24485cea50d1cbac27 -> 
  custom:video-decoder-ogg-theora: a1e56fd34408186e4bbccfd4996cb3dc -> 
  custom:framework-win-MediaFoundation: 216162199b28c13a410421893ffa2e32 -> 
  custom:container-demuxer-webm: 4f35f7cbe854078d1ac9338744f61a02 -> 
  custom:container-muxer-webm: aa71ff27fc2769a1b78a27578f13a17b -> 
  custom:video-decoder-webm-vp8: 9c59270c3fd7afecdb556c50c9e8de78 -> 
  custom:AudioImporter_EditorPlatform: d09bf68614088b80899f8185d706f6e7 -> 
  custom:video-encoder-webm-vp8: eb34c28f22e8b96e1ab97ce403110664 -> 
  custom:audio-decoder-ogg-vorbis: bf7c407c2cedff20999df2af8eb42d56 -> 
  custom:audio-encoder-webm-vorbis: bf7c407c2cedff20999df2af8eb42d56 -> 
========================================================================
Received Prepare
Begin MonoManager ReloadAssembly
- Loaded All Assemblies, in  1.640 seconds
Refreshing native plugins compatible for Editor in 26.11 ms, found 2 plugins.
Native extension for WindowsStandalone target not found
Mono: successfully reloaded assembly
- Finished resetting the current domain, in  2.517 seconds
Domain Reload Profiling:
	ReloadAssembly (684ms)
		BeginReloadAssembly (572ms)
			ExecutionOrderSort (0ms)
			DisableScriptedObjects (7ms)
			BackupInstance (0ms)
			ReleaseScriptingObjects (0ms)
			CreateAndSetChildDomain (67ms)
		LoadAllAssembliesAndSetupDomain (954ms)
			LoadAssemblies (503ms)
			RebuildTransferFunctionScriptingTraits (0ms)
			SetupTypeCache (555ms)
				TypeCache.Initialize (526ms)
					TypeCache.ScanAssembly (513ms)
				ResolveRequiredComponents (29ms)
		FinalizeReload (0ms)
			ReleaseScriptCaches (0ms)
			RebuildScriptCaches (0ms)
			SetupLoadedEditorAssemblies (1415ms)
				LogAssemblyErrors (0ms)
				InitializePlatformSupportModulesInManaged (10ms)
				SetLoadedEditorAssemblies (16ms)
				RefreshPlugins (0ms)
				BeforeProcessingInitializeOnLoad (215ms)
				ProcessInitializeOnLoadAttributes (682ms)
				ProcessInitializeOnLoadMethodAttributes (487ms)
				AfterProcessingInitializeOnLoad (5ms)
				EditorAssembliesLoaded (0ms)
			ExecutionOrderSort2 (0ms)
			AwakeInstancesAfterBackupRestoration (13ms)
Refreshing native plugins compatible for Editor in 15.79 ms, found 2 plugins.
Preloading 0 native plugins for Editor in 0.00 ms.
Unloading 4239 Unused Serialized files (Serialized files now loaded: 0)
Unloading 101 unused Assets / (0.7 MB). Loaded Objects now: 4802.
Memory consumption went from 0.66 GB to 0.66 GB.
Total: 12.834500 ms (FindLiveObjects: 0.764300 ms CreateObjectMapping: 0.603900 ms MarkObjects: 10.667100 ms  DeleteObjects: 0.795500 ms)

Prepare: number of updated asset objects reloaded= 0
AssetImportParameters requested are different than current active one (requested -> active):
  custom:container-demuxer-ogg: 62fdf1f143b41e24485cea50d1cbac27 -> 
  custom:video-decoder-ogg-theora: a1e56fd34408186e4bbccfd4996cb3dc -> 
  custom:framework-win-MediaFoundation: 216162199b28c13a410421893ffa2e32 -> 
  custom:container-demuxer-webm: 4f35f7cbe854078d1ac9338744f61a02 -> 
  custom:container-muxer-webm: aa71ff27fc2769a1b78a27578f13a17b -> 
  custom:video-decoder-webm-vp8: 9c59270c3fd7afecdb556c50c9e8de78 -> 
  custom:AudioImporter_EditorPlatform: d09bf68614088b80899f8185d706f6e7 -> 
  custom:video-encoder-webm-vp8: eb34c28f22e8b96e1ab97ce403110664 -> 
  custom:audio-decoder-ogg-vorbis: bf7c407c2cedff20999df2af8eb42d56 -> 
  custom:audio-encoder-webm-vorbis: bf7c407c2cedff20999df2af8eb42d56 -> 
========================================================================
Received Import Request.
  Time since last request: 481.282701 seconds.
  path: Assets/SkythianCat/Glowing_Forest/Textures/Props/Fence_d.png
  artifactKey: Guid(3be7aa9edebf7d143b02cd75461e2b9a) Importer(815301076,1909f56bfc062723c751e8b465ee728b)
Start importing Assets/SkythianCat/Glowing_Forest/Textures/Props/Fence_d.png using Guid(3be7aa9edebf7d143b02cd75461e2b9a) Importer(815301076,1909f56bfc062723c751e8b465ee728b)  -> (artifact id: '0cd686da4a727f3ed952ae7ba97d380e') in 0.061639 seconds 
Number of updated asset objects reloaded before import = 0
Number of asset objects unloaded after import = 2
========================================================================
Received Prepare
Begin MonoManager ReloadAssembly
- Loaded All Assemblies, in  0.987 seconds
Refreshing native plugins compatible for Editor in 7.38 ms, found 2 plugins.
Native extension for WindowsStandalone target not found
Mono: successfully reloaded assembly
- Finished resetting the current domain, in  1.055 seconds
Domain Reload Profiling:
	ReloadAssembly (484ms)
		BeginReloadAssembly (403ms)
			ExecutionOrderSort (0ms)
			DisableScriptedObjects (6ms)
			BackupInstance (0ms)
			ReleaseScriptingObjects (0ms)
			CreateAndSetChildDomain (47ms)
		LoadAllAssembliesAndSetupDomain (505ms)
			LoadAssemblies (303ms)
			RebuildTransferFunctionScriptingTraits (0ms)
			SetupTypeCache (275ms)
				TypeCache.Initialize (238ms)
					TypeCache.ScanAssembly (233ms)
				ResolveRequiredComponents (9ms)
		FinalizeReload (0ms)
			ReleaseScriptCaches (0ms)
			RebuildScriptCaches (0ms)
			SetupLoadedEditorAssemblies (592ms)
				LogAssemblyErrors (0ms)
				InitializePlatformSupportModulesInManaged (6ms)
				SetLoadedEditorAssemblies (5ms)
				RefreshPlugins (0ms)
				BeforeProcessingInitializeOnLoad (128ms)
				ProcessInitializeOnLoadAttributes (275ms)
				ProcessInitializeOnLoadMethodAttributes (176ms)
				AfterProcessingInitializeOnLoad (2ms)
				EditorAssembliesLoaded (0ms)
			ExecutionOrderSort2 (0ms)
			AwakeInstancesAfterBackupRestoration (7ms)
Refreshing native plugins compatible for Editor in 6.38 ms, found 2 plugins.
Preloading 0 native plugins for Editor in 0.00 ms.
Unloading 4069 Unused Serialized files (Serialized files now loaded: 0)
Unloading 79 unused Assets / (0.7 MB). Loaded Objects now: 4809.
Memory consumption went from 0.63 GB to 0.63 GB.
Total: 6.251100 ms (FindLiveObjects: 0.301600 ms CreateObjectMapping: 0.295400 ms MarkObjects: 5.285500 ms  DeleteObjects: 0.367700 ms)

Prepare: number of updated asset objects reloaded= 0
AssetImportParameters requested are different than current active one (requested -> active):
  custom:container-demuxer-ogg: 62fdf1f143b41e24485cea50d1cbac27 -> 
  custom:video-decoder-ogg-theora: a1e56fd34408186e4bbccfd4996cb3dc -> 
  custom:framework-win-MediaFoundation: 216162199b28c13a410421893ffa2e32 -> 
  custom:container-demuxer-webm: 4f35f7cbe854078d1ac9338744f61a02 -> 
  custom:container-muxer-webm: aa71ff27fc2769a1b78a27578f13a17b -> 
  custom:video-decoder-webm-vp8: 9c59270c3fd7afecdb556c50c9e8de78 -> 
  custom:AudioImporter_EditorPlatform: d09bf68614088b80899f8185d706f6e7 -> 
  custom:video-encoder-webm-vp8: eb34c28f22e8b96e1ab97ce403110664 -> 
  custom:audio-decoder-ogg-vorbis: bf7c407c2cedff20999df2af8eb42d56 -> 
  custom:audio-encoder-webm-vorbis: bf7c407c2cedff20999df2af8eb42d56 -> 
========================================================================
Received Prepare
Begin MonoManager ReloadAssembly
- Loaded All Assemblies, in  0.957 seconds
Refreshing native plugins compatible for Editor in 7.84 ms, found 2 plugins.
Native extension for WindowsStandalone target not found
Mono: successfully reloaded assembly
- Finished resetting the current domain, in  1.064 seconds
Domain Reload Profiling:
	ReloadAssembly (437ms)
		BeginReloadAssembly (365ms)
			ExecutionOrderSort (0ms)
			DisableScriptedObjects (10ms)
			BackupInstance (0ms)
			ReleaseScriptingObjects (0ms)
			CreateAndSetChildDomain (43ms)
		LoadAllAssembliesAndSetupDomain (520ms)
			LoadAssemblies (297ms)
			RebuildTransferFunctionScriptingTraits (0ms)
			SetupTypeCache (291ms)
				TypeCache.Initialize (274ms)
					TypeCache.ScanAssembly (269ms)
				ResolveRequiredComponents (9ms)
		FinalizeReload (0ms)
			ReleaseScriptCaches (0ms)
			RebuildScriptCaches (0ms)
			SetupLoadedEditorAssemblies (609ms)
				LogAssemblyErrors (0ms)
				InitializePlatformSupportModulesInManaged (6ms)
				SetLoadedEditorAssemblies (5ms)
				RefreshPlugins (0ms)
				BeforeProcessingInitializeOnLoad (124ms)
				ProcessInitializeOnLoadAttributes (288ms)
				ProcessInitializeOnLoadMethodAttributes (184ms)
				AfterProcessingInitializeOnLoad (2ms)
				EditorAssembliesLoaded (0ms)
			ExecutionOrderSort2 (0ms)
			AwakeInstancesAfterBackupRestoration (6ms)
Refreshing native plugins compatible for Editor in 7.43 ms, found 2 plugins.
Preloading 0 native plugins for Editor in 0.00 ms.
Unloading 4070 Unused Serialized files (Serialized files now loaded: 0)
Unloading 79 unused Assets / (0.7 MB). Loaded Objects now: 4812.
Memory consumption went from 0.64 GB to 0.64 GB.
Total: 7.017800 ms (FindLiveObjects: 0.432900 ms CreateObjectMapping: 0.435700 ms MarkObjects: 5.750300 ms  DeleteObjects: 0.397400 ms)

Prepare: number of updated asset objects reloaded= 0
AssetImportParameters requested are different than current active one (requested -> active):
  custom:container-demuxer-ogg: 62fdf1f143b41e24485cea50d1cbac27 -> 
  custom:video-decoder-ogg-theora: a1e56fd34408186e4bbccfd4996cb3dc -> 
  custom:framework-win-MediaFoundation: 216162199b28c13a410421893ffa2e32 -> 
  custom:container-demuxer-webm: 4f35f7cbe854078d1ac9338744f61a02 -> 
  custom:container-muxer-webm: aa71ff27fc2769a1b78a27578f13a17b -> 
  custom:video-decoder-webm-vp8: 9c59270c3fd7afecdb556c50c9e8de78 -> 
  custom:AudioImporter_EditorPlatform: d09bf68614088b80899f8185d706f6e7 -> 
  custom:video-encoder-webm-vp8: eb34c28f22e8b96e1ab97ce403110664 -> 
  custom:audio-decoder-ogg-vorbis: bf7c407c2cedff20999df2af8eb42d56 -> 
  custom:audio-encoder-webm-vorbis: bf7c407c2cedff20999df2af8eb42d56 -> 
========================================================================
Received Prepare
Begin MonoManager ReloadAssembly
- Loaded All Assemblies, in  1.127 seconds
Refreshing native plugins compatible for Editor in 6.28 ms, found 2 plugins.
Native extension for WindowsStandalone target not found
Mono: successfully reloaded assembly
- Finished resetting the current domain, in  1.208 seconds
Domain Reload Profiling:
	ReloadAssembly (522ms)
		BeginReloadAssembly (437ms)
			ExecutionOrderSort (0ms)
			DisableScriptedObjects (7ms)
			BackupInstance (0ms)
			ReleaseScriptingObjects (0ms)
			CreateAndSetChildDomain (66ms)
		LoadAllAssembliesAndSetupDomain (604ms)
			LoadAssemblies (353ms)
			RebuildTransferFunctionScriptingTraits (0ms)
			SetupTypeCache (329ms)
				TypeCache.Initialize (312ms)
					TypeCache.ScanAssembly (302ms)
				ResolveRequiredComponents (9ms)
		FinalizeReload (0ms)
			ReleaseScriptCaches (0ms)
			RebuildScriptCaches (0ms)
			SetupLoadedEditorAssemblies (672ms)
				LogAssemblyErrors (0ms)
				InitializePlatformSupportModulesInManaged (6ms)
				SetLoadedEditorAssemblies (5ms)
				RefreshPlugins (0ms)
				BeforeProcessingInitializeOnLoad (132ms)
				ProcessInitializeOnLoadAttributes (308ms)
				ProcessInitializeOnLoadMethodAttributes (216ms)
				AfterProcessingInitializeOnLoad (4ms)
				EditorAssembliesLoaded (1ms)
			ExecutionOrderSort2 (0ms)
			AwakeInstancesAfterBackupRestoration (13ms)
Refreshing native plugins compatible for Editor in 6.52 ms, found 2 plugins.
Preloading 0 native plugins for Editor in 0.00 ms.
Unloading 4238 Unused Serialized files (Serialized files now loaded: 0)
Unloading 101 unused Assets / (0.7 MB). Loaded Objects now: 4815.
Memory consumption went from 0.66 GB to 0.66 GB.
Total: 7.934000 ms (FindLiveObjects: 0.424100 ms CreateObjectMapping: 0.459800 ms MarkObjects: 6.204800 ms  DeleteObjects: 0.843900 ms)

Prepare: number of updated asset objects reloaded= 146
AssetImportParameters requested are different than current active one (requested -> active):
  custom:container-demuxer-ogg: 62fdf1f143b41e24485cea50d1cbac27 -> 
  custom:video-decoder-ogg-theora: a1e56fd34408186e4bbccfd4996cb3dc -> 
  custom:framework-win-MediaFoundation: 216162199b28c13a410421893ffa2e32 -> 
  custom:container-demuxer-webm: 4f35f7cbe854078d1ac9338744f61a02 -> 
  custom:container-muxer-webm: aa71ff27fc2769a1b78a27578f13a17b -> 
  custom:video-decoder-webm-vp8: 9c59270c3fd7afecdb556c50c9e8de78 -> 
  custom:AudioImporter_EditorPlatform: d09bf68614088b80899f8185d706f6e7 -> 
  custom:video-encoder-webm-vp8: eb34c28f22e8b96e1ab97ce403110664 -> 
  custom:audio-decoder-ogg-vorbis: bf7c407c2cedff20999df2af8eb42d56 -> 
  custom:audio-encoder-webm-vorbis: bf7c407c2cedff20999df2af8eb42d56 -> 
========================================================================
Received Import Request.
  Time since last request: 1031.955674 seconds.
  path: Assets/Low_poly_styled_trees/Examples/Prefabs/ground_c.prefab
  artifactKey: Guid(51482590283c9b24593d7019be194460) Importer(815301076,1909f56bfc062723c751e8b465ee728b)
Start importing Assets/Low_poly_styled_trees/Examples/Prefabs/ground_c.prefab using Guid(51482590283c9b24593d7019be194460) Importer(815301076,1909f56bfc062723c751e8b465ee728b)  -> (artifact id: '86ea558958f0157b1dd3af37010fda36') in 0.110909 seconds 
Number of updated asset objects reloaded before import = 0
Number of asset objects unloaded after import = 9
========================================================================
Received Import Request.
  Time since last request: 13.217188 seconds.
  path: Assets/SkythianCat
  artifactKey: Guid(50f64cd5576d0654a9e77e9ff402b89a) Importer(815301076,1909f56bfc062723c751e8b465ee728b)
Start importing Assets/SkythianCat using Guid(50f64cd5576d0654a9e77e9ff402b89a) Importer(815301076,1909f56bfc062723c751e8b465ee728b)  -> (artifact id: '4696cb8ca83469112e3998bdcbd5f8da') in 0.000624 seconds 
Number of updated asset objects reloaded before import = 0
Number of asset objects unloaded after import = 0
========================================================================
Received Prepare
Begin MonoManager ReloadAssembly
- Loaded All Assemblies, in  1.360 seconds
Refreshing native plugins compatible for Editor in 10.54 ms, found 2 plugins.
Native extension for WindowsStandalone target not found
Mono: successfully reloaded assembly
- Finished resetting the current domain, in  2.378 seconds
Domain Reload Profiling:
	ReloadAssembly (576ms)
		BeginReloadAssembly (485ms)
			ExecutionOrderSort (0ms)
			DisableScriptedObjects (9ms)
			BackupInstance (0ms)
			ReleaseScriptingObjects (0ms)
			CreateAndSetChildDomain (61ms)
		LoadAllAssembliesAndSetupDomain (784ms)
			LoadAssemblies (467ms)
			RebuildTransferFunctionScriptingTraits (0ms)
			SetupTypeCache (417ms)
				TypeCache.Initialize (404ms)
					TypeCache.ScanAssembly (393ms)
				ResolveRequiredComponents (13ms)
		FinalizeReload (0ms)
			ReleaseScriptCaches (0ms)
			RebuildScriptCaches (0ms)
			SetupLoadedEditorAssemblies (1381ms)
				LogAssemblyErrors (0ms)
				InitializePlatformSupportModulesInManaged (9ms)
				SetLoadedEditorAssemblies (11ms)
				RefreshPlugins (0ms)
				BeforeProcessingInitializeOnLoad (217ms)
				ProcessInitializeOnLoadAttributes (662ms)
				ProcessInitializeOnLoadMethodAttributes (475ms)
				AfterProcessingInitializeOnLoad (5ms)
				EditorAssembliesLoaded (1ms)
			ExecutionOrderSort2 (0ms)
			AwakeInstancesAfterBackupRestoration (15ms)
Refreshing native plugins compatible for Editor in 17.36 ms, found 2 plugins.
Preloading 0 native plugins for Editor in 0.00 ms.
Unloading 4237 Unused Serialized files (Serialized files now loaded: 0)
Unloading 101 unused Assets / (0.7 MB). Loaded Objects now: 4818.
Memory consumption went from 0.66 GB to 0.66 GB.
Total: 22.112700 ms (FindLiveObjects: 1.256500 ms CreateObjectMapping: 1.197300 ms MarkObjects: 18.400800 ms  DeleteObjects: 1.254700 ms)

Prepare: number of updated asset objects reloaded= 0
AssetImportParameters requested are different than current active one (requested -> active):
  custom:container-demuxer-ogg: 62fdf1f143b41e24485cea50d1cbac27 -> 
  custom:video-decoder-ogg-theora: a1e56fd34408186e4bbccfd4996cb3dc -> 
  custom:framework-win-MediaFoundation: 216162199b28c13a410421893ffa2e32 -> 
  custom:container-demuxer-webm: 4f35f7cbe854078d1ac9338744f61a02 -> 
  custom:container-muxer-webm: aa71ff27fc2769a1b78a27578f13a17b -> 
  custom:video-decoder-webm-vp8: 9c59270c3fd7afecdb556c50c9e8de78 -> 
  custom:AudioImporter_EditorPlatform: d09bf68614088b80899f8185d706f6e7 -> 
  custom:video-encoder-webm-vp8: eb34c28f22e8b96e1ab97ce403110664 -> 
  custom:audio-decoder-ogg-vorbis: bf7c407c2cedff20999df2af8eb42d56 -> 
  custom:audio-encoder-webm-vorbis: bf7c407c2cedff20999df2af8eb42d56 -> 
========================================================================
Received Import Request.
  Time since last request: 618.580451 seconds.
  path: Assets/SkythianCat/Glowing_Forest/Meshes/Water_plane.fbx
  artifactKey: Guid(a74ecf579ccdda64fb7e3d6ed0101440) Importer(815301076,1909f56bfc062723c751e8b465ee728b)
Start importing Assets/SkythianCat/Glowing_Forest/Meshes/Water_plane.fbx using Guid(a74ecf579ccdda64fb7e3d6ed0101440) Importer(815301076,1909f56bfc062723c751e8b465ee728b)  -> (artifact id: '495e210fe710e07423b90e26ffe37fd5') in 0.173332 seconds 
Number of updated asset objects reloaded before import = 0
Number of asset objects unloaded after import = 7
========================================================================
Received Import Request.
  Time since last request: 12.648556 seconds.
  path: Assets/SkythianCat/Glowing_Forest/Meshes/Fir.fbx
  artifactKey: Guid(431d920f0b6f5e34f80cdc143fba0734) Importer(815301076,1909f56bfc062723c751e8b465ee728b)
Start importing Assets/SkythianCat/Glowing_Forest/Meshes/Fir.fbx using Guid(431d920f0b6f5e34f80cdc143fba0734) Importer(815301076,1909f56bfc062723c751e8b465ee728b)  -> (artifact id: 'f025172e04aa00aa1929d25a50adb185') in 0.031941 seconds 
Number of updated asset objects reloaded before import = 0
Number of asset objects unloaded after import = 7
========================================================================
Received Import Request.
  Time since last request: 10.519350 seconds.
  path: Assets/Low_poly_styled_trees/Assets/Imported/Models/Trees/tree_n.fbx
  artifactKey: Guid(0ff18f4b79a66f04589639f3db4ffdb5) Importer(815301076,1909f56bfc062723c751e8b465ee728b)
Start importing Assets/Low_poly_styled_trees/Assets/Imported/Models/Trees/tree_n.fbx using Guid(0ff18f4b79a66f04589639f3db4ffdb5) Importer(815301076,1909f56bfc062723c751e8b465ee728b)  -> (artifact id: 'f15d0fa998714811f916d6dfc6a8fc94') in 0.027781 seconds 
Number of updated asset objects reloaded before import = 0
Number of asset objects unloaded after import = 7
========================================================================
Received Import Request.
  Time since last request: 0.000023 seconds.
  path: Assets/Low_poly_styled_trees/Assets/Imported/Models/Trees/tree_p.fbx
  artifactKey: Guid(edac112cf7a1c92479fd9f4ea499b5ec) Importer(815301076,1909f56bfc062723c751e8b465ee728b)
Start importing Assets/Low_poly_styled_trees/Assets/Imported/Models/Trees/tree_p.fbx using Guid(edac112cf7a1c92479fd9f4ea499b5ec) Importer(815301076,1909f56bfc062723c751e8b465ee728b)  -> (artifact id: '3a16562f2e44eb08ac1214bce683e15f') in 0.037259 seconds 
Number of updated asset objects reloaded before import = 0
Number of asset objects unloaded after import = 7
========================================================================
Received Import Request.
  Time since last request: 3.128687 seconds.
  path: Assets/Low_poly_styled_trees/Assets/Imported/Models/Trees/tree_l.fbx
  artifactKey: Guid(22b9d16688244b941a2652eb6500d477) Importer(815301076,1909f56bfc062723c751e8b465ee728b)
Start importing Assets/Low_poly_styled_trees/Assets/Imported/Models/Trees/tree_l.fbx using Guid(22b9d16688244b941a2652eb6500d477) Importer(815301076,1909f56bfc062723c751e8b465ee728b)  -> (artifact id: '1e98c16a417e23cd27d8f6bf12db2760') in 0.027535 seconds 
Number of updated asset objects reloaded before import = 0
Number of asset objects unloaded after import = 7
========================================================================
Received Import Request.
  Time since last request: 0.282709 seconds.
  path: Assets/Low_poly_styled_trees/Assets/Imported/Models/Trees/tree_j.fbx
  artifactKey: Guid(48a9cfcc8689187459e35eefa184af7a) Importer(815301076,1909f56bfc062723c751e8b465ee728b)
Start importing Assets/Low_poly_styled_trees/Assets/Imported/Models/Trees/tree_j.fbx using Guid(48a9cfcc8689187459e35eefa184af7a) Importer(815301076,1909f56bfc062723c751e8b465ee728b)  -> (artifact id: '29659f60141e1c192c26ec782b395ffc') in 0.038393 seconds 
Number of updated asset objects reloaded before import = 0
Number of asset objects unloaded after import = 7
========================================================================
Received Import Request.
  Time since last request: 0.379462 seconds.
  path: Assets/Low_poly_styled_trees/Assets/Imported/Models/Trees/tree_h.fbx
  artifactKey: Guid(4303f9b93e1110945bfa2bfe35ad774b) Importer(815301076,1909f56bfc062723c751e8b465ee728b)
Start importing Assets/Low_poly_styled_trees/Assets/Imported/Models/Trees/tree_h.fbx using Guid(4303f9b93e1110945bfa2bfe35ad774b) Importer(815301076,1909f56bfc062723c751e8b465ee728b)  -> (artifact id: 'ca8f6a90bb0da26ee02041bd922266a0') in 0.025377 seconds 
Number of updated asset objects reloaded before import = 0
Number of asset objects unloaded after import = 7
========================================================================
Received Import Request.
  Time since last request: 0.098729 seconds.
  path: Assets/Low_poly_styled_trees/Assets/Imported/Models/Trees/tree_f.fbx
  artifactKey: Guid(a315147027256f84a9e061240d52a7d8) Importer(815301076,1909f56bfc062723c751e8b465ee728b)
Start importing Assets/Low_poly_styled_trees/Assets/Imported/Models/Trees/tree_f.fbx using Guid(a315147027256f84a9e061240d52a7d8) Importer(815301076,1909f56bfc062723c751e8b465ee728b)  -> (artifact id: 'd6aadbead9b86f5c4aeba0a87fb228e4') in 0.028342 seconds 
Number of updated asset objects reloaded before import = 0
Number of asset objects unloaded after import = 7
========================================================================
Received Import Request.
  Time since last request: 0.236095 seconds.
  path: Assets/Low_poly_styled_trees/Assets/Imported/Models/Trees/tree_d.fbx
  artifactKey: Guid(99ad709bedb249a4697695c53943d486) Importer(815301076,1909f56bfc062723c751e8b465ee728b)
Start importing Assets/Low_poly_styled_trees/Assets/Imported/Models/Trees/tree_d.fbx using Guid(99ad709bedb249a4697695c53943d486) Importer(815301076,1909f56bfc062723c751e8b465ee728b)  -> (artifact id: '333487241fc695aa2192990327d73545') in 0.034052 seconds 
Number of updated asset objects reloaded before import = 0
Number of asset objects unloaded after import = 7
========================================================================
Received Import Request.
  Time since last request: 0.310917 seconds.
  path: Assets/Low_poly_styled_trees/Assets/Imported/Models/Trees/tree_b.fbx
  artifactKey: Guid(5e11cd24633c8684b9f548e7ac60b2ca) Importer(815301076,1909f56bfc062723c751e8b465ee728b)
Start importing Assets/Low_poly_styled_trees/Assets/Imported/Models/Trees/tree_b.fbx using Guid(5e11cd24633c8684b9f548e7ac60b2ca) Importer(815301076,1909f56bfc062723c751e8b465ee728b)  -> (artifact id: '88a30080ec334f0c5ef3902349a2166f') in 0.020994 seconds 
Number of updated asset objects reloaded before import = 0
Number of asset objects unloaded after import = 7
========================================================================
Received Import Request.
  Time since last request: 0.000034 seconds.
  path: Assets/Low_poly_styled_trees/Assets/Imported/Models/Stumps/stump_d.fbx
  artifactKey: Guid(22ac9fa7585e2e54e98fb1833e955a85) Importer(815301076,1909f56bfc062723c751e8b465ee728b)
Start importing Assets/Low_poly_styled_trees/Assets/Imported/Models/Stumps/stump_d.fbx using Guid(22ac9fa7585e2e54e98fb1833e955a85) Importer(815301076,1909f56bfc062723c751e8b465ee728b)  -> (artifact id: 'c9933a46f4d25fd5ec119e7026cdc489') in 0.024840 seconds 
Number of updated asset objects reloaded before import = 0
Number of asset objects unloaded after import = 7
========================================================================
Received Import Request.
  Time since last request: 0.819782 seconds.
  path: Assets/Low_poly_styled_trees/Assets/Imported/Models/Stumps/stump_b.fbx
  artifactKey: Guid(8ecf3a64d58b1ba43b1f42bfde4d8efb) Importer(815301076,1909f56bfc062723c751e8b465ee728b)
Start importing Assets/Low_poly_styled_trees/Assets/Imported/Models/Stumps/stump_b.fbx using Guid(8ecf3a64d58b1ba43b1f42bfde4d8efb) Importer(815301076,1909f56bfc062723c751e8b465ee728b)  -> (artifact id: '585504b2dede8e183aefa422f73ab32e') in 0.030532 seconds 
Number of updated asset objects reloaded before import = 0
Number of asset objects unloaded after import = 7
========================================================================
Received Import Request.
  Time since last request: 0.000063 seconds.
  path: Assets/Low_poly_styled_trees/Assets/Imported/Models/Stumps/stump_a.fbx
  artifactKey: Guid(418363549af7edd429555ca53e0db7c1) Importer(815301076,1909f56bfc062723c751e8b465ee728b)
Start importing Assets/Low_poly_styled_trees/Assets/Imported/Models/Stumps/stump_a.fbx using Guid(418363549af7edd429555ca53e0db7c1) Importer(815301076,1909f56bfc062723c751e8b465ee728b)  -> (artifact id: '9cb622a45e0fd409395463c62a84de5a') in 0.038391 seconds 
Number of updated asset objects reloaded before import = 0
Number of asset objects unloaded after import = 7
========================================================================
Received Import Request.
  Time since last request: 0.048674 seconds.
  path: Assets/SkythianCat/Glowing_Forest/Meshes/Streetlight_item.fbx
  artifactKey: Guid(fbd5279e40525d54d8e51d9edbafc80e) Importer(815301076,1909f56bfc062723c751e8b465ee728b)
Start importing Assets/SkythianCat/Glowing_Forest/Meshes/Streetlight_item.fbx using Guid(fbd5279e40525d54d8e51d9edbafc80e) Importer(815301076,1909f56bfc062723c751e8b465ee728b)  -> (artifact id: '4ace384158d02e35745f0cca59105f98') in 0.027430 seconds 
Number of updated asset objects reloaded before import = 0
Number of asset objects unloaded after import = 7
========================================================================
Received Import Request.
  Time since last request: 0.000020 seconds.
  path: Assets/SkythianCat/Glowing_Forest/Meshes/Stone02.fbx
  artifactKey: Guid(aebdb9b3c2da8e040a42ecc58f39456c) Importer(815301076,1909f56bfc062723c751e8b465ee728b)
Start importing Assets/SkythianCat/Glowing_Forest/Meshes/Stone02.fbx using Guid(aebdb9b3c2da8e040a42ecc58f39456c) Importer(815301076,1909f56bfc062723c751e8b465ee728b)  -> (artifact id: '1ce667bb93a558aeb2215cd65d19beb7') in 0.028714 seconds 
Number of updated asset objects reloaded before import = 0
Number of asset objects unloaded after import = 7
========================================================================
Received Import Request.
  Time since last request: 0.000027 seconds.
  path: Assets/SkythianCat/Glowing_Forest/Meshes/Streetlight.fbx
  artifactKey: Guid(5f0741416272b504489f004f3912e003) Importer(815301076,1909f56bfc062723c751e8b465ee728b)
Start importing Assets/SkythianCat/Glowing_Forest/Meshes/Streetlight.fbx using Guid(5f0741416272b504489f004f3912e003) Importer(815301076,1909f56bfc062723c751e8b465ee728b)  -> (artifact id: '1449b44bc011e63e50525739477f4afd') in 0.022027 seconds 
Number of updated asset objects reloaded before import = 0
Number of asset objects unloaded after import = 7
========================================================================
Received Import Request.
  Time since last request: 0.022625 seconds.
  path: Assets/SkythianCat/Glowing_Forest/Meshes/Mushrooms02.fbx
  artifactKey: Guid(db55ef31b71cd8640babb67c08383c8f) Importer(815301076,1909f56bfc062723c751e8b465ee728b)
Start importing Assets/SkythianCat/Glowing_Forest/Meshes/Mushrooms02.fbx using Guid(db55ef31b71cd8640babb67c08383c8f) Importer(815301076,1909f56bfc062723c751e8b465ee728b)  -> (artifact id: 'd2e74f55be7f98da6af288ca2ae5a965') in 0.030943 seconds 
Number of updated asset objects reloaded before import = 0
Number of asset objects unloaded after import = 7
========================================================================
Received Import Request.
  Time since last request: 0.000017 seconds.
  path: Assets/SkythianCat/Glowing_Forest/Meshes/Mushrooms03.fbx
  artifactKey: Guid(d56e8ae00b0790b46a088b268110f038) Importer(815301076,1909f56bfc062723c751e8b465ee728b)
Start importing Assets/SkythianCat/Glowing_Forest/Meshes/Mushrooms03.fbx using Guid(d56e8ae00b0790b46a088b268110f038) Importer(815301076,1909f56bfc062723c751e8b465ee728b)  -> (artifact id: '85fc582fab29482e268503f85b71aeca') in 0.030407 seconds 
Number of updated asset objects reloaded before import = 0
Number of asset objects unloaded after import = 7
========================================================================
Received Import Request.
  Time since last request: 0.000024 seconds.
  path: Assets/SkythianCat/Glowing_Forest/Meshes/Oak.fbx
  artifactKey: Guid(6eebcf1884e24384babc25d3234ec0b5) Importer(815301076,1909f56bfc062723c751e8b465ee728b)
Start importing Assets/SkythianCat/Glowing_Forest/Meshes/Oak.fbx using Guid(6eebcf1884e24384babc25d3234ec0b5) Importer(815301076,1909f56bfc062723c751e8b465ee728b)  -> (artifact id: 'f19ab0de8079bf27cd30c3e4c264ce8f') in 0.028400 seconds 
Number of updated asset objects reloaded before import = 0
Number of asset objects unloaded after import = 7
========================================================================
Received Import Request.
  Time since last request: 0.000021 seconds.
  path: Assets/SkythianCat/Glowing_Forest/Meshes/Mushrooms01.fbx
  artifactKey: Guid(70adb64ae377d7e46aff0cde14f8abb1) Importer(815301076,1909f56bfc062723c751e8b465ee728b)
Start importing Assets/SkythianCat/Glowing_Forest/Meshes/Mushrooms01.fbx using Guid(70adb64ae377d7e46aff0cde14f8abb1) Importer(815301076,1909f56bfc062723c751e8b465ee728b)  -> (artifact id: '4fc988ee7ec045db4177836ac9314c95') in 0.027729 seconds 
Number of updated asset objects reloaded before import = 0
Number of asset objects unloaded after import = 7
========================================================================
Received Import Request.
  Time since last request: 0.000021 seconds.
  path: Assets/Low_poly_styled_trees/Examples/Imported/Models/ground_c.fbx
  artifactKey: Guid(587c91a6b3b4b5f47807b9e99771b9a6) Importer(815301076,1909f56bfc062723c751e8b465ee728b)
Start importing Assets/Low_poly_styled_trees/Examples/Imported/Models/ground_c.fbx using Guid(587c91a6b3b4b5f47807b9e99771b9a6) Importer(815301076,1909f56bfc062723c751e8b465ee728b)  -> (artifact id: '27318bca00082854e70a31f62d22f02f') in 0.033734 seconds 
Number of updated asset objects reloaded before import = 0
Number of asset objects unloaded after import = 7
========================================================================
Received Import Request.
  Time since last request: 0.000016 seconds.
  path: Assets/Low_poly_styled_trees/Examples/Imported/Models/ground_a.fbx
  artifactKey: Guid(3b0a17b2a718de24daf75ef56e27d38e) Importer(815301076,1909f56bfc062723c751e8b465ee728b)
Start importing Assets/Low_poly_styled_trees/Examples/Imported/Models/ground_a.fbx using Guid(3b0a17b2a718de24daf75ef56e27d38e) Importer(815301076,1909f56bfc062723c751e8b465ee728b)  -> (artifact id: '145bc64fc78134b6dd1210c18059dae3') in 0.027598 seconds 
Number of updated asset objects reloaded before import = 0
Number of asset objects unloaded after import = 7
========================================================================
Received Import Request.
  Time since last request: 0.000041 seconds.
  path: Assets/SkythianCat/Glowing_Forest/Meshes/Stone01.fbx
  artifactKey: Guid(39cfdea2e9dff824483d972d2d253b9a) Importer(815301076,1909f56bfc062723c751e8b465ee728b)
Start importing Assets/SkythianCat/Glowing_Forest/Meshes/Stone01.fbx using Guid(39cfdea2e9dff824483d972d2d253b9a) Importer(815301076,1909f56bfc062723c751e8b465ee728b)  -> (artifact id: 'd82271a3fc1b6c7d211e472286eb3e04') in 0.034480 seconds 
Number of updated asset objects reloaded before import = 0
Number of asset objects unloaded after import = 7
========================================================================
Received Import Request.
  Time since last request: 0.000030 seconds.
  path: Assets/Low_poly_styled_trees/Examples/Imported/Models/ground_b.fbx
  artifactKey: Guid(d8272896d736d67428368e9905dd079b) Importer(815301076,1909f56bfc062723c751e8b465ee728b)
Start importing Assets/Low_poly_styled_trees/Examples/Imported/Models/ground_b.fbx using Guid(d8272896d736d67428368e9905dd079b) Importer(815301076,1909f56bfc062723c751e8b465ee728b)  -> (artifact id: '2f9d5ced8407526c3a19d6a015c39ca1') in 0.026348 seconds 
Number of updated asset objects reloaded before import = 0
Number of asset objects unloaded after import = 7
========================================================================
Received Import Request.
  Time since last request: 0.206201 seconds.
  path: Assets/SkythianCat/Glowing_Forest/Meshes/Fence.fbx
  artifactKey: Guid(5c759d0ad550736418a7e0602ca2156f) Importer(815301076,1909f56bfc062723c751e8b465ee728b)
Start importing Assets/SkythianCat/Glowing_Forest/Meshes/Fence.fbx using Guid(5c759d0ad550736418a7e0602ca2156f) Importer(815301076,1909f56bfc062723c751e8b465ee728b)  -> (artifact id: '661b9925321d6364c9c934224d1534ea') in 0.041014 seconds 
Number of updated asset objects reloaded before import = 0
Number of asset objects unloaded after import = 7
========================================================================
Received Import Request.
  Time since last request: 0.376602 seconds.
  path: Assets/SkythianCat/Glowing_Forest/Meshes/Bush01.fbx
  artifactKey: Guid(89786baddf2d7ea43b337b7b94891289) Importer(815301076,1909f56bfc062723c751e8b465ee728b)
Start importing Assets/SkythianCat/Glowing_Forest/Meshes/Bush01.fbx using Guid(89786baddf2d7ea43b337b7b94891289) Importer(815301076,1909f56bfc062723c751e8b465ee728b)  -> (artifact id: '25fc5a758cfb3d72ca9c2e8baaf8918f') in 0.026398 seconds 
Number of updated asset objects reloaded before import = 0
Number of asset objects unloaded after import = 7
========================================================================
Received Import Request.
  Time since last request: 0.516992 seconds.
  path: Assets/SkythianCat/Glowing_Forest/Meshes/Birch.fbx
  artifactKey: Guid(a58d4029a00459e4d89ddb56b680be38) Importer(815301076,1909f56bfc062723c751e8b465ee728b)
Start importing Assets/SkythianCat/Glowing_Forest/Meshes/Birch.fbx using Guid(a58d4029a00459e4d89ddb56b680be38) Importer(815301076,1909f56bfc062723c751e8b465ee728b)  -> (artifact id: 'b46c1f98efef38bf9b3bfea9f7b068f2') in 0.027779 seconds 
Number of updated asset objects reloaded before import = 0
Number of asset objects unloaded after import = 7
Editor requested this worker to shutdown with reason: Scaling down because of idle timeout
TcpMessagingSession - receive error: operation aborted. errorcode: 995, details:  /   -       .
AssetImportWorker is now disconnected from the server
Process exiting
Exiting without the bug reporter. Application will terminate with return code 0